<?xml version="1.0" encoding="UTF-8"?>
<robot generator="Robot 4.0.3 (Python 3.9.5 on win32)" generated="20220307 20:33:39.006" rpa="false" schemaversion="2">
<suite id="s1" name="Shipper" source="D:\Shipper\automation\shipper_test\web\Testcase\shipper.robot">
<test id="s1-t1" name="User Able See Page Jadilah Mitra">
<kw name="Open Local Apps" library="resources" type="SETUP">
<arg>${base_url_shipper}</arg>
<kw name="Evaluate" library="BuiltIn">
<var>${chrome_options}</var>
<arg>sys.modules['selenium.webdriver'].ChromeOptions()</arg>
<arg>sys, selenium.webdriver</arg>
<doc>Evaluates the given expression in Python and returns the result.</doc>
<msg timestamp="20220307 20:33:39.318" level="INFO">${chrome_options} = &lt;selenium.webdriver.chrome.options.Options object at 0x0000016324435AC0&gt;</msg>
<status status="PASS" starttime="20220307 20:33:39.318" endtime="20220307 20:33:39.318"/>
</kw>
<kw name="Call Method" library="BuiltIn">
<arg>${chrome_options}</arg>
<arg>add_argument</arg>
<arg>--disable-extensions</arg>
<doc>Calls the named method of the given object with the provided arguments.</doc>
<status status="PASS" starttime="20220307 20:33:39.318" endtime="20220307 20:33:39.318"/>
</kw>
<kw name="Call Method" library="BuiltIn">
<arg>${chrome_options}</arg>
<arg>add_argument</arg>
<arg>--disable-gpu</arg>
<doc>Calls the named method of the given object with the provided arguments.</doc>
<status status="PASS" starttime="20220307 20:33:39.318" endtime="20220307 20:33:39.318"/>
</kw>
<kw name="Call Method" library="BuiltIn">
<arg>${chrome_options}</arg>
<arg>add_argument</arg>
<arg>--no-sandbox</arg>
<doc>Calls the named method of the given object with the provided arguments.</doc>
<status status="PASS" starttime="20220307 20:33:39.318" endtime="20220307 20:33:39.318"/>
</kw>
<kw name="Call Method" library="BuiltIn">
<arg>${chrome_options}</arg>
<arg>add_argument</arg>
<arg>--enable-precise-memory-info</arg>
<doc>Calls the named method of the given object with the provided arguments.</doc>
<status status="PASS" starttime="20220307 20:33:39.318" endtime="20220307 20:33:39.318"/>
</kw>
<kw name="Call Method" library="BuiltIn">
<arg>${chrome_options}</arg>
<arg>add_argument</arg>
<arg>--disable-default-apps</arg>
<doc>Calls the named method of the given object with the provided arguments.</doc>
<status status="PASS" starttime="20220307 20:33:39.318" endtime="20220307 20:33:39.318"/>
</kw>
<kw name="Open Browser" library="Selenium2Library">
<arg>${url}</arg>
<arg>Chrome</arg>
<doc>Opens a new browser instance to the optional ``url``.</doc>
<msg timestamp="20220307 20:33:39.318" level="INFO">Opening browser 'Chrome' to base url 'https://shipper.id/'.</msg>
<status status="PASS" starttime="20220307 20:33:39.318" endtime="20220307 20:33:43.922"/>
</kw>
<kw name="Maximize Browser Window" library="Selenium2Library">
<doc>Maximizes current browser window.</doc>
<status status="PASS" starttime="20220307 20:33:43.922" endtime="20220307 20:33:44.055"/>
</kw>
<status status="PASS" starttime="20220307 20:33:39.310" endtime="20220307 20:33:44.055"/>
</kw>
<kw name="Given Click jadilah Mitra" library="page">
<kw name="Set Selenium Speed" library="Selenium2Library">
<arg>0.8</arg>
<doc>Sets the delay that is waited after each Selenium command.</doc>
<status status="PASS" starttime="20220307 20:33:44.063" endtime="20220307 20:33:44.063"/>
</kw>
<kw name="Click Element" library="Selenium2Library">
<arg>${JADILAH_MITRA_BTN}</arg>
<doc>Click the element identified by ``locator``.</doc>
<msg timestamp="20220307 20:33:44.063" level="INFO">Clicking element 'xpath=//*[@id="header-partner"]'.</msg>
<status status="PASS" starttime="20220307 20:33:44.063" endtime="20220307 20:33:45.919"/>
</kw>
<status status="PASS" starttime="20220307 20:33:44.055" endtime="20220307 20:33:45.919"/>
</kw>
<kw name="Then System display page jadilah mitra" library="page">
<kw name="Set Selenium Speed" library="Selenium2Library">
<arg>0.8</arg>
<doc>Sets the delay that is waited after each Selenium command.</doc>
<status status="PASS" starttime="20220307 20:33:45.919" endtime="20220307 20:33:45.919"/>
</kw>
<kw name="Wait Until Element Is Visible" library="Selenium2Library">
<arg>${VRFY_JADILAH_MITRA_PAGE}</arg>
<doc>Waits until the element ``locator`` is visible.</doc>
<status status="PASS" starttime="20220307 20:33:45.919" endtime="20220307 20:33:47.543"/>
</kw>
<status status="PASS" starttime="20220307 20:33:45.919" endtime="20220307 20:33:47.543"/>
</kw>
<kw name="Close Browser Applications" library="resources" type="TEARDOWN">
<kw name="Close Browser" library="Selenium2Library">
<doc>Closes the current browser.</doc>
<status status="PASS" starttime="20220307 20:33:47.543" endtime="20220307 20:33:50.583"/>
</kw>
<status status="PASS" starttime="20220307 20:33:47.543" endtime="20220307 20:33:50.583"/>
</kw>
<status status="PASS" starttime="20220307 20:33:39.310" endtime="20220307 20:33:50.583"/>
</test>
<status status="PASS" starttime="20220307 20:33:39.006" endtime="20220307 20:33:50.583"/>
</suite>
<statistics>
<total>
<stat pass="1" fail="0" skip="0">All Tests</stat>
</total>
<tag>
</tag>
<suite>
<stat pass="1" fail="0" skip="0" id="s1" name="Shipper">Shipper</stat>
</suite>
</statistics>
<errors>
</errors>
</robot>
